2024-06-05T16:58:49.528+08:00  INFO 17316 --- [memo] [restartedMain] com.aldren.memo.MemoApplication          : Starting MemoApplication using Java 17.0.4 with PID 17316 (C:\Projects\memo\memo\target\classes started by aldren in C:\Projects\memo\memo)
2024-06-05T16:58:49.531+08:00  INFO 17316 --- [memo] [restartedMain] com.aldren.memo.MemoApplication          : No active profile set, falling back to 1 default profile: "default"
2024-06-05T16:58:49.579+08:00  INFO 17316 --- [memo] [restartedMain] o.s.b.devtools.restart.ChangeableUrls    : The Class-Path manifest attribute in C:\Users\aldren\.m2\repository\org\glassfish\hk2\hk2\3.0.6\hk2-3.0.6.jar referenced one or more files that do not exist: file:/C:/Users/aldren/.m2/repository/org/glassfish/hk2/hk2/3.0.6/hk2-utils.jar,file:/C:/Users/aldren/.m2/repository/org/glassfish/hk2/hk2/3.0.6/jakarta.annotation-api.jar,file:/C:/Users/aldren/.m2/repository/org/glassfish/hk2/hk2/3.0.6/jakarta.inject-api.jar,file:/C:/Users/aldren/.m2/repository/org/glassfish/hk2/hk2/3.0.6/hk2-api.jar,file:/C:/Users/aldren/.m2/repository/org/glassfish/hk2/hk2/3.0.6/aopalliance-repackaged.jar,file:/C:/Users/aldren/.m2/repository/org/glassfish/hk2/hk2/3.0.6/hk2-core.jar,file:/C:/Users/aldren/.m2/repository/org/glassfish/hk2/hk2/3.0.6/hk2-locator.jar,file:/C:/Users/aldren/.m2/repository/org/glassfish/hk2/hk2/3.0.6/javassist.jar,file:/C:/Users/aldren/.m2/repository/org/glassfish/hk2/hk2/3.0.6/hk2-runlevel.jar,file:/C:/Users/aldren/.m2/repository/org/glassfish/hk2/hk2/3.0.6/class-model.jar,file:/C:/Users/aldren/.m2/repository/org/glassfish/hk2/hk2/3.0.6/asm.jar,file:/C:/Users/aldren/.m2/repository/org/glassfish/hk2/hk2/3.0.6/asm-analysis.jar,file:/C:/Users/aldren/.m2/repository/org/glassfish/hk2/hk2/3.0.6/asm-commons.jar,file:/C:/Users/aldren/.m2/repository/org/glassfish/hk2/hk2/3.0.6/asm-tree.jar,file:/C:/Users/aldren/.m2/repository/org/glassfish/hk2/hk2/3.0.6/asm-util.jar
2024-06-05T16:58:49.580+08:00  INFO 17316 --- [memo] [restartedMain] .e.DevToolsPropertyDefaultsPostProcessor : Devtools property defaults active! Set 'spring.devtools.add-properties' to 'false' to disable
2024-06-05T16:58:49.581+08:00  INFO 17316 --- [memo] [restartedMain] .e.DevToolsPropertyDefaultsPostProcessor : For additional web related logging consider setting the 'logging.level.web' property to 'DEBUG'
2024-06-05T16:58:50.293+08:00  INFO 17316 --- [memo] [restartedMain] .s.d.r.c.RepositoryConfigurationDelegate : Bootstrapping Spring Data JPA repositories in DEFAULT mode.
2024-06-05T16:58:50.332+08:00  INFO 17316 --- [memo] [restartedMain] .s.d.r.c.RepositoryConfigurationDelegate : Finished Spring Data repository scanning in 31 ms. Found 1 JPA repository interface.
2024-06-05T16:58:51.694+08:00  INFO 17316 --- [memo] [restartedMain] o.s.b.w.embedded.tomcat.TomcatWebServer  : Tomcat initialized with port 8080 (http)
2024-06-05T16:58:51.722+08:00  INFO 17316 --- [memo] [restartedMain] o.apache.catalina.core.StandardService   : Starting service [Tomcat]
2024-06-05T16:58:51.722+08:00  INFO 17316 --- [memo] [restartedMain] o.apache.catalina.core.StandardEngine    : Starting Servlet engine: [Apache Tomcat/10.1.24]
2024-06-05T16:58:51.801+08:00  INFO 17316 --- [memo] [restartedMain] o.a.c.c.C.[.[localhost].[/memo-api]      : Initializing Spring embedded WebApplicationContext
2024-06-05T16:58:51.802+08:00  INFO 17316 --- [memo] [restartedMain] w.s.c.ServletWebServerApplicationContext : Root WebApplicationContext: initialization completed in 2221 ms
2024-06-05T16:58:52.247+08:00  INFO 17316 --- [memo] [restartedMain] o.hibernate.jpa.internal.util.LogHelper  : HHH000204: Processing PersistenceUnitInfo [name: default]
2024-06-05T16:58:52.378+08:00  INFO 17316 --- [memo] [restartedMain] org.hibernate.Version                    : HHH000412: Hibernate ORM core version 6.5.2.Final
2024-06-05T16:58:52.432+08:00  INFO 17316 --- [memo] [restartedMain] o.h.c.internal.RegionFactoryInitiator    : HHH000026: Second-level cache disabled
2024-06-05T16:58:52.833+08:00  INFO 17316 --- [memo] [restartedMain] o.s.o.j.p.SpringPersistenceUnitInfo      : No LoadTimeWeaver setup: ignoring JPA class transformer
2024-06-05T16:58:53.598+08:00  INFO 17316 --- [memo] [restartedMain] o.h.e.t.j.p.i.JtaPlatformInitiator       : HHH000489: No JTA platform available (set 'hibernate.transaction.jta.platform' to enable JTA platform integration)
2024-06-05T16:58:53.622+08:00  INFO 17316 --- [memo] [restartedMain] j.LocalContainerEntityManagerFactoryBean : Initialized JPA EntityManagerFactory for persistence unit 'default'
2024-06-05T16:58:54.197+08:00  WARN 17316 --- [memo] [restartedMain] JpaBaseConfiguration$JpaWebConfiguration : spring.jpa.open-in-view is enabled by default. Therefore, database queries may be performed during view rendering. Explicitly configure spring.jpa.open-in-view to disable this warning
2024-06-05T16:58:55.373+08:00  INFO 17316 --- [memo] [restartedMain] o.s.b.d.a.OptionalLiveReloadServer       : LiveReload server is running on port 35729
2024-06-05T16:58:55.389+08:00  INFO 17316 --- [memo] [restartedMain] o.s.b.a.e.web.EndpointLinksResolver      : Exposing 4 endpoints beneath base path '/actuator'
2024-06-05T16:58:55.510+08:00  INFO 17316 --- [memo] [restartedMain] o.s.b.w.embedded.tomcat.TomcatWebServer  : Tomcat started on port 8080 (http) with context path '/memo-api'
2024-06-05T16:58:55.528+08:00  INFO 17316 --- [memo] [restartedMain] com.aldren.memo.MemoApplication          : Started MemoApplication in 6.399 seconds (process running for 6.93)
2024-06-05T16:59:07.187+08:00  INFO 17316 --- [memo] [http-nio-8080-exec-1] o.a.c.c.C.[.[localhost].[/memo-api]      : Initializing Spring DispatcherServlet 'dispatcherServlet'
2024-06-05T16:59:07.187+08:00  INFO 17316 --- [memo] [http-nio-8080-exec-1] o.s.web.servlet.DispatcherServlet        : Initializing Servlet 'dispatcherServlet'
2024-06-05T16:59:07.188+08:00  INFO 17316 --- [memo] [http-nio-8080-exec-1] o.s.web.servlet.DispatcherServlet        : Completed initialization in 1 ms
